{"timestamp":"2026-01-29T04:35:09.778Z","level":"INFO","message":"OTP sent successfully","phone":"98******10","pid":1496,"service":"healthbridge-backend"}
{"timestamp":"2026-01-29T17:11:57.681Z","level":"INFO","message":"Conversation created: 0cac0730-7766-450b-851f-a8513bfd4229 for user: 3dfd7ac0-8b57-46df-8232-9efe2750183c","pid":3224,"service":"healthbridge-backend"}
{"timestamp":"2026-01-29T17:11:57.690Z","level":"INFO","message":"Retrieved conversation: 0cac0730-7766-450b-851f-a8513bfd4229 with 0 messages","pid":3224,"service":"healthbridge-backend"}
{"timestamp":"2026-01-29T17:11:57.700Z","level":"INFO","message":"Auto-generated title for conversation: 0cac0730-7766-450b-851f-a8513bfd4229","pid":3224,"service":"healthbridge-backend"}
{"timestamp":"2026-01-29T17:11:57.700Z","level":"INFO","message":"Message added: 0131e485-21c8-49a8-a636-b1dc1c775af3 to conversation: 0cac0730-7766-450b-851f-a8513bfd4229","pid":3224,"service":"healthbridge-backend"}
{"timestamp":"2026-01-29T17:16:20.932Z","level":"INFO","message":"Conversation created: 2ce3488c-8455-49a1-adf8-13ebf37b57ef for user: 3dfd7ac0-8b57-46df-8232-9efe2750183c","pid":15532,"service":"healthbridge-backend"}
{"timestamp":"2026-01-29T17:16:20.947Z","level":"INFO","message":"Retrieved conversation: 2ce3488c-8455-49a1-adf8-13ebf37b57ef with 0 messages","pid":15532,"service":"healthbridge-backend"}
{"timestamp":"2026-01-29T17:16:20.963Z","level":"INFO","message":"Auto-generated title for conversation: 2ce3488c-8455-49a1-adf8-13ebf37b57ef","pid":15532,"service":"healthbridge-backend"}
{"timestamp":"2026-01-29T17:16:20.964Z","level":"INFO","message":"Message added: b725f467-1d65-4be9-8a05-5ca8914f452b to conversation: 2ce3488c-8455-49a1-adf8-13ebf37b57ef","pid":15532,"service":"healthbridge-backend"}
{"timestamp":"2026-01-29T17:17:27.816Z","level":"INFO","message":"Conversation created: 80cc96d6-7b52-45b6-8d86-cc768e1a9eb0 for user: 3dfd7ac0-8b57-46df-8232-9efe2750183c","pid":15532,"service":"healthbridge-backend"}
{"timestamp":"2026-01-29T17:17:27.828Z","level":"INFO","message":"Retrieved conversation: 80cc96d6-7b52-45b6-8d86-cc768e1a9eb0 with 0 messages","pid":15532,"service":"healthbridge-backend"}
{"timestamp":"2026-01-29T17:17:27.841Z","level":"INFO","message":"Auto-generated title for conversation: 80cc96d6-7b52-45b6-8d86-cc768e1a9eb0","pid":15532,"service":"healthbridge-backend"}
{"timestamp":"2026-01-29T17:17:27.842Z","level":"INFO","message":"Message added: af76f630-0d89-4119-a25e-04405976536e to conversation: 80cc96d6-7b52-45b6-8d86-cc768e1a9eb0","pid":15532,"service":"healthbridge-backend"}
{"timestamp":"2026-01-29T17:19:07.916Z","level":"INFO","message":"Conversation created: ba415e47-f754-48a1-8b85-aab586ec1eab for user: 3dfd7ac0-8b57-46df-8232-9efe2750183c","pid":20736,"service":"healthbridge-backend"}
{"timestamp":"2026-01-29T17:19:07.925Z","level":"INFO","message":"Retrieved conversation: ba415e47-f754-48a1-8b85-aab586ec1eab with 0 messages","pid":20736,"service":"healthbridge-backend"}
{"timestamp":"2026-01-29T17:19:07.933Z","level":"INFO","message":"Auto-generated title for conversation: ba415e47-f754-48a1-8b85-aab586ec1eab","pid":20736,"service":"healthbridge-backend"}
{"timestamp":"2026-01-29T17:19:07.934Z","level":"INFO","message":"Message added: f47a5219-2791-45cb-9417-864452d362bd to conversation: ba415e47-f754-48a1-8b85-aab586ec1eab","pid":20736,"service":"healthbridge-backend"}
{"timestamp":"2026-01-29T17:22:01.338Z","level":"INFO","message":"Conversation created: 121dec9b-3e65-48dc-b621-e8efd16c1096 for user: 3dfd7ac0-8b57-46df-8232-9efe2750183c","pid":20736,"service":"healthbridge-backend"}
{"timestamp":"2026-01-29T17:22:01.347Z","level":"INFO","message":"Retrieved conversation: 121dec9b-3e65-48dc-b621-e8efd16c1096 with 0 messages","pid":20736,"service":"healthbridge-backend"}
{"timestamp":"2026-01-29T17:22:01.354Z","level":"INFO","message":"Auto-generated title for conversation: 121dec9b-3e65-48dc-b621-e8efd16c1096","pid":20736,"service":"healthbridge-backend"}
{"timestamp":"2026-01-29T17:22:01.354Z","level":"INFO","message":"Message added: 4fc8b3bd-149c-4e55-83ac-fabe3203bfba to conversation: 121dec9b-3e65-48dc-b621-e8efd16c1096","pid":20736,"service":"healthbridge-backend"}
{"timestamp":"2026-01-29T17:28:01.335Z","level":"INFO","message":"Conversation created: 7eb1bb7b-2d02-4409-b8a6-22aeb067bea8 for user: 3dfd7ac0-8b57-46df-8232-9efe2750183c","pid":11068,"service":"healthbridge-backend"}
{"timestamp":"2026-01-29T17:28:01.349Z","level":"INFO","message":"Retrieved conversation: 7eb1bb7b-2d02-4409-b8a6-22aeb067bea8 with 0 messages","pid":11068,"service":"healthbridge-backend"}
{"timestamp":"2026-01-29T17:28:01.366Z","level":"INFO","message":"Auto-generated title for conversation: 7eb1bb7b-2d02-4409-b8a6-22aeb067bea8","pid":11068,"service":"healthbridge-backend"}
{"timestamp":"2026-01-29T17:28:01.367Z","level":"INFO","message":"Message added: 2def6a3d-97b8-4564-bbb3-71af8548fd64 to conversation: 7eb1bb7b-2d02-4409-b8a6-22aeb067bea8","pid":11068,"service":"healthbridge-backend"}
{"timestamp":"2026-01-29T17:39:06.085Z","level":"INFO","message":"Conversation created: 4ff6d066-82fd-4ab5-93f6-d8cb1ecebdaa for user: 3dfd7ac0-8b57-46df-8232-9efe2750183c","pid":6812,"service":"healthbridge-backend"}
{"timestamp":"2026-01-29T17:39:06.101Z","level":"INFO","message":"Retrieved conversation: 4ff6d066-82fd-4ab5-93f6-d8cb1ecebdaa with 0 messages","pid":6812,"service":"healthbridge-backend"}
{"timestamp":"2026-01-29T17:39:06.121Z","level":"INFO","message":"Auto-generated title for conversation: 4ff6d066-82fd-4ab5-93f6-d8cb1ecebdaa","pid":6812,"service":"healthbridge-backend"}
{"timestamp":"2026-01-29T17:39:06.121Z","level":"INFO","message":"Message added: d3756c47-9fdb-4e57-b834-ca881ea93321 to conversation: 4ff6d066-82fd-4ab5-93f6-d8cb1ecebdaa","pid":6812,"service":"healthbridge-backend"}
{"timestamp":"2026-01-29T17:52:45.396Z","level":"INFO","message":"Conversation created: 26712c20-81cb-4424-9b30-f70cf5f8b875 for user: 3dfd7ac0-8b57-46df-8232-9efe2750183c","pid":17368,"service":"healthbridge-backend"}
{"timestamp":"2026-01-29T17:52:45.412Z","level":"INFO","message":"Retrieved conversation: 26712c20-81cb-4424-9b30-f70cf5f8b875 with 0 messages","pid":17368,"service":"healthbridge-backend"}
{"timestamp":"2026-01-29T17:52:45.435Z","level":"INFO","message":"Auto-generated title for conversation: 26712c20-81cb-4424-9b30-f70cf5f8b875","pid":17368,"service":"healthbridge-backend"}
{"timestamp":"2026-01-29T17:52:45.436Z","level":"INFO","message":"Message added: 844b9712-2d81-450b-befa-01c789ce1e07 to conversation: 26712c20-81cb-4424-9b30-f70cf5f8b875","pid":17368,"service":"healthbridge-backend"}
{"timestamp":"2026-01-29T17:53:26.739Z","level":"INFO","message":"Conversation created: 31fcac78-e1a9-476d-9514-6a581066bb58 for user: 3dfd7ac0-8b57-46df-8232-9efe2750183c","pid":17368,"service":"healthbridge-backend"}
{"timestamp":"2026-01-29T17:53:26.749Z","level":"INFO","message":"Retrieved conversation: 31fcac78-e1a9-476d-9514-6a581066bb58 with 0 messages","pid":17368,"service":"healthbridge-backend"}
{"timestamp":"2026-01-29T17:53:26.756Z","level":"INFO","message":"Auto-generated title for conversation: 31fcac78-e1a9-476d-9514-6a581066bb58","pid":17368,"service":"healthbridge-backend"}
{"timestamp":"2026-01-29T17:53:26.756Z","level":"INFO","message":"Message added: 9abc8fb3-9908-4a98-b4bd-1c6b9eacee85 to conversation: 31fcac78-e1a9-476d-9514-6a581066bb58","pid":17368,"service":"healthbridge-backend"}
{"timestamp":"2026-01-29T17:56:55.096Z","level":"INFO","message":"Conversation created: d0172bf5-97fb-4a75-8986-60f2bb09e592 for user: 3dfd7ac0-8b57-46df-8232-9efe2750183c","pid":11916,"service":"healthbridge-backend"}
{"timestamp":"2026-01-29T17:56:55.107Z","level":"INFO","message":"Retrieved conversation: d0172bf5-97fb-4a75-8986-60f2bb09e592 with 0 messages","pid":11916,"service":"healthbridge-backend"}
{"timestamp":"2026-01-29T17:56:55.119Z","level":"INFO","message":"Auto-generated title for conversation: d0172bf5-97fb-4a75-8986-60f2bb09e592","pid":11916,"service":"healthbridge-backend"}
{"timestamp":"2026-01-29T17:56:55.119Z","level":"INFO","message":"Message added: d9363d1a-7f16-4ed8-82ef-53ff6a9f52dd to conversation: d0172bf5-97fb-4a75-8986-60f2bb09e592","pid":11916,"service":"healthbridge-backend"}
{"timestamp":"2026-01-29T17:59:09.597Z","level":"INFO","message":"Conversation created: 74066458-2394-4315-9de6-8acf7fa0e44d for user: 3dfd7ac0-8b57-46df-8232-9efe2750183c","pid":6796,"service":"healthbridge-backend"}
{"timestamp":"2026-01-29T17:59:09.611Z","level":"INFO","message":"Retrieved conversation: 74066458-2394-4315-9de6-8acf7fa0e44d with 0 messages","pid":6796,"service":"healthbridge-backend"}
{"timestamp":"2026-01-29T17:59:09.632Z","level":"INFO","message":"Auto-generated title for conversation: 74066458-2394-4315-9de6-8acf7fa0e44d","pid":6796,"service":"healthbridge-backend"}
{"timestamp":"2026-01-29T17:59:09.633Z","level":"INFO","message":"Message added: a8b62272-1167-4650-a853-f3425dfb4475 to conversation: 74066458-2394-4315-9de6-8acf7fa0e44d","pid":6796,"service":"healthbridge-backend"}
{"timestamp":"2026-01-29T18:07:32.163Z","level":"INFO","message":"Conversation created: df777579-9db6-4c14-9e1e-707ee8dc0120 for user: 3dfd7ac0-8b57-46df-8232-9efe2750183c","pid":20140,"service":"healthbridge-backend"}
{"timestamp":"2026-01-29T18:07:32.184Z","level":"INFO","message":"Retrieved conversation: df777579-9db6-4c14-9e1e-707ee8dc0120 with 0 messages","pid":20140,"service":"healthbridge-backend"}
{"timestamp":"2026-01-29T18:07:32.206Z","level":"INFO","message":"Auto-generated title for conversation: df777579-9db6-4c14-9e1e-707ee8dc0120","pid":20140,"service":"healthbridge-backend"}
{"timestamp":"2026-01-29T18:07:32.206Z","level":"INFO","message":"Message added: aa5e98b9-a3dd-455d-9d36-e3769b9c0d1c to conversation: df777579-9db6-4c14-9e1e-707ee8dc0120","pid":20140,"service":"healthbridge-backend"}
{"timestamp":"2026-01-29T18:10:26.480Z","level":"INFO","message":"Conversation created: ee0d1fb7-a43a-43a4-b2b7-acc5ddc119f2 for user: 3dfd7ac0-8b57-46df-8232-9efe2750183c","pid":20544,"service":"healthbridge-backend"}
{"timestamp":"2026-01-29T18:10:26.498Z","level":"INFO","message":"Retrieved conversation: ee0d1fb7-a43a-43a4-b2b7-acc5ddc119f2 with 0 messages","pid":20544,"service":"healthbridge-backend"}
{"timestamp":"2026-01-29T18:10:26.519Z","level":"INFO","message":"Auto-generated title for conversation: ee0d1fb7-a43a-43a4-b2b7-acc5ddc119f2","pid":20544,"service":"healthbridge-backend"}
{"timestamp":"2026-01-29T18:10:26.520Z","level":"INFO","message":"Message added: 9fe88198-f265-467f-85b1-1d7917e648d4 to conversation: ee0d1fb7-a43a-43a4-b2b7-acc5ddc119f2","pid":20544,"service":"healthbridge-backend"}
{"timestamp":"2026-01-29T18:11:19.626Z","level":"INFO","message":"Conversation created: 57955859-f3fa-4b4e-ab67-3a8c3be826e4 for user: 3dfd7ac0-8b57-46df-8232-9efe2750183c","pid":20544,"service":"healthbridge-backend"}
{"timestamp":"2026-01-29T18:11:19.635Z","level":"INFO","message":"Retrieved conversation: 57955859-f3fa-4b4e-ab67-3a8c3be826e4 with 0 messages","pid":20544,"service":"healthbridge-backend"}
{"timestamp":"2026-01-29T18:11:19.643Z","level":"INFO","message":"Auto-generated title for conversation: 57955859-f3fa-4b4e-ab67-3a8c3be826e4","pid":20544,"service":"healthbridge-backend"}
{"timestamp":"2026-01-29T18:11:19.643Z","level":"INFO","message":"Message added: 583adb97-c526-4fb6-ad9c-557b0b7b1a4f to conversation: 57955859-f3fa-4b4e-ab67-3a8c3be826e4","pid":20544,"service":"healthbridge-backend"}
{"timestamp":"2026-01-29T18:11:36.981Z","level":"INFO","message":"Message added: cf2b09b4-8799-40ba-844c-174b955d2eb1 to conversation: 57955859-f3fa-4b4e-ab67-3a8c3be826e4","pid":20544,"service":"healthbridge-backend"}
{"timestamp":"2026-01-29T18:11:36.990Z","level":"INFO","message":"Voice assistant analysis completed for user: 3dfd7ac0-8b57-46df-8232-9efe2750183c","pid":20544,"service":"healthbridge-backend"}
{"timestamp":"2026-01-29T18:14:25.452Z","level":"INFO","message":"Conversation created: 0b5f23ae-a726-4e9b-a40b-b004069262bd for user: 3dfd7ac0-8b57-46df-8232-9efe2750183c","pid":4664,"service":"healthbridge-backend"}
{"timestamp":"2026-01-29T18:14:25.468Z","level":"INFO","message":"Retrieved conversation: 0b5f23ae-a726-4e9b-a40b-b004069262bd with 0 messages","pid":4664,"service":"healthbridge-backend"}
{"timestamp":"2026-01-29T18:14:25.484Z","level":"INFO","message":"Auto-generated title for conversation: 0b5f23ae-a726-4e9b-a40b-b004069262bd","pid":4664,"service":"healthbridge-backend"}
{"timestamp":"2026-01-29T18:14:25.485Z","level":"INFO","message":"Message added: e0fd8a47-1a6f-443d-b88f-94ddd97362d4 to conversation: 0b5f23ae-a726-4e9b-a40b-b004069262bd","pid":4664,"service":"healthbridge-backend"}
{"timestamp":"2026-01-29T18:20:50.859Z","level":"INFO","message":"Conversation created: 4a3780ba-1abc-4f68-aff8-075ec12c4a10 for user: 3dfd7ac0-8b57-46df-8232-9efe2750183c","pid":412,"service":"healthbridge-backend"}
{"timestamp":"2026-01-29T18:20:50.872Z","level":"INFO","message":"Retrieved conversation: 4a3780ba-1abc-4f68-aff8-075ec12c4a10 with 0 messages","pid":412,"service":"healthbridge-backend"}
{"timestamp":"2026-01-29T18:20:50.889Z","level":"INFO","message":"Auto-generated title for conversation: 4a3780ba-1abc-4f68-aff8-075ec12c4a10","pid":412,"service":"healthbridge-backend"}
{"timestamp":"2026-01-29T18:20:50.890Z","level":"INFO","message":"Message added: d66637f7-64bd-432e-b9ab-347920152395 to conversation: 4a3780ba-1abc-4f68-aff8-075ec12c4a10","pid":412,"service":"healthbridge-backend"}
{"timestamp":"2026-01-29T18:21:24.330Z","level":"INFO","message":"Message added: 41bbda5e-e9b7-41d9-9ac2-3f553213d62b to conversation: 4a3780ba-1abc-4f68-aff8-075ec12c4a10","pid":412,"service":"healthbridge-backend"}
{"timestamp":"2026-01-29T18:21:24.359Z","level":"INFO","message":"Voice assistant analysis completed for user: 3dfd7ac0-8b57-46df-8232-9efe2750183c","pid":412,"service":"healthbridge-backend"}
{"timestamp":"2026-01-29T18:23:20.466Z","level":"INFO","message":"Conversation created: 8a2a64a3-4280-4743-b9e4-b7da9ec5d0c0 for user: 3dfd7ac0-8b57-46df-8232-9efe2750183c","pid":412,"service":"healthbridge-backend"}
{"timestamp":"2026-01-29T18:23:20.478Z","level":"INFO","message":"Retrieved conversation: 8a2a64a3-4280-4743-b9e4-b7da9ec5d0c0 with 0 messages","pid":412,"service":"healthbridge-backend"}
{"timestamp":"2026-01-29T18:23:20.494Z","level":"INFO","message":"Auto-generated title for conversation: 8a2a64a3-4280-4743-b9e4-b7da9ec5d0c0","pid":412,"service":"healthbridge-backend"}
{"timestamp":"2026-01-29T18:23:20.494Z","level":"INFO","message":"Message added: b7ee1ea8-41ff-4223-b9ef-cde9d3808b76 to conversation: 8a2a64a3-4280-4743-b9e4-b7da9ec5d0c0","pid":412,"service":"healthbridge-backend"}
{"timestamp":"2026-01-29T18:30:15.208Z","level":"INFO","message":"Conversation created: ac27c7da-9c41-42af-adc8-49c36da84f27 for user: 3dfd7ac0-8b57-46df-8232-9efe2750183c","pid":11276,"service":"healthbridge-backend"}
{"timestamp":"2026-01-29T18:30:15.222Z","level":"INFO","message":"Retrieved conversation: ac27c7da-9c41-42af-adc8-49c36da84f27 with 0 messages","pid":11276,"service":"healthbridge-backend"}
{"timestamp":"2026-01-29T18:30:15.238Z","level":"INFO","message":"Auto-generated title for conversation: ac27c7da-9c41-42af-adc8-49c36da84f27","pid":11276,"service":"healthbridge-backend"}
{"timestamp":"2026-01-29T18:30:15.239Z","level":"INFO","message":"Message added: 04a55a58-33e5-4acb-8099-f27d03d1aea2 to conversation: ac27c7da-9c41-42af-adc8-49c36da84f27","pid":11276,"service":"healthbridge-backend"}
{"timestamp":"2026-01-29T18:30:35.851Z","level":"INFO","message":"Message added: b39ebd21-9344-4e26-9e32-15e72880a670 to conversation: ac27c7da-9c41-42af-adc8-49c36da84f27","pid":11276,"service":"healthbridge-backend"}
{"timestamp":"2026-01-29T18:30:35.854Z","level":"INFO","message":"Voice assistant analysis completed for user: 3dfd7ac0-8b57-46df-8232-9efe2750183c","pid":11276,"service":"healthbridge-backend"}
{"timestamp":"2026-01-29T18:31:40.419Z","level":"INFO","message":"Conversation created: e911c1f2-fd44-4510-9773-ea4926a222ad for user: 3dfd7ac0-8b57-46df-8232-9efe2750183c","pid":11276,"service":"healthbridge-backend"}
{"timestamp":"2026-01-29T18:31:40.434Z","level":"INFO","message":"Retrieved conversation: e911c1f2-fd44-4510-9773-ea4926a222ad with 0 messages","pid":11276,"service":"healthbridge-backend"}
{"timestamp":"2026-01-29T18:31:40.452Z","level":"INFO","message":"Auto-generated title for conversation: e911c1f2-fd44-4510-9773-ea4926a222ad","pid":11276,"service":"healthbridge-backend"}
{"timestamp":"2026-01-29T18:31:40.453Z","level":"INFO","message":"Message added: 28fcfb65-2cd8-4d1a-bf70-b4feb2ca8dce to conversation: e911c1f2-fd44-4510-9773-ea4926a222ad","pid":11276,"service":"healthbridge-backend"}
{"timestamp":"2026-01-29T18:33:50.900Z","level":"INFO","message":"Conversation created: baeeba5d-97f0-4241-8a3b-3a9f62c72d69 for user: 3dfd7ac0-8b57-46df-8232-9efe2750183c","pid":16828,"service":"healthbridge-backend"}
{"timestamp":"2026-01-29T18:33:50.919Z","level":"INFO","message":"Retrieved conversation: baeeba5d-97f0-4241-8a3b-3a9f62c72d69 with 0 messages","pid":16828,"service":"healthbridge-backend"}
{"timestamp":"2026-01-29T18:33:50.941Z","level":"INFO","message":"Auto-generated title for conversation: baeeba5d-97f0-4241-8a3b-3a9f62c72d69","pid":16828,"service":"healthbridge-backend"}
{"timestamp":"2026-01-29T18:33:50.941Z","level":"INFO","message":"Message added: 2589e301-577f-434e-91da-7b3de889743f to conversation: baeeba5d-97f0-4241-8a3b-3a9f62c72d69","pid":16828,"service":"healthbridge-backend"}
{"timestamp":"2026-01-29T18:36:12.324Z","level":"INFO","message":"Conversation created: a8375bea-648f-49cc-8003-a0fc87624eca for user: 3dfd7ac0-8b57-46df-8232-9efe2750183c","pid":20088,"service":"healthbridge-backend"}
{"timestamp":"2026-01-29T18:36:12.339Z","level":"INFO","message":"Retrieved conversation: a8375bea-648f-49cc-8003-a0fc87624eca with 0 messages","pid":20088,"service":"healthbridge-backend"}
{"timestamp":"2026-01-29T18:36:12.357Z","level":"INFO","message":"Auto-generated title for conversation: a8375bea-648f-49cc-8003-a0fc87624eca","pid":20088,"service":"healthbridge-backend"}
{"timestamp":"2026-01-29T18:36:12.358Z","level":"INFO","message":"Message added: fa3d9044-130c-41bd-9768-ddecc65d4462 to conversation: a8375bea-648f-49cc-8003-a0fc87624eca","pid":20088,"service":"healthbridge-backend"}
{"timestamp":"2026-01-29T18:48:44.636Z","level":"INFO","message":"Conversation created: 492ef358-a117-4498-a59c-0e293fdc0588 for user: 3dfd7ac0-8b57-46df-8232-9efe2750183c","pid":20828,"service":"healthbridge-backend"}
{"timestamp":"2026-01-29T18:48:44.658Z","level":"INFO","message":"Retrieved conversation: 492ef358-a117-4498-a59c-0e293fdc0588 with 0 messages","pid":20828,"service":"healthbridge-backend"}
{"timestamp":"2026-01-29T18:48:44.681Z","level":"INFO","message":"Auto-generated title for conversation: 492ef358-a117-4498-a59c-0e293fdc0588","pid":20828,"service":"healthbridge-backend"}
{"timestamp":"2026-01-29T18:48:44.681Z","level":"INFO","message":"Message added: 14d805c1-d74c-4ad6-90a7-440b8be87154 to conversation: 492ef358-a117-4498-a59c-0e293fdc0588","pid":20828,"service":"healthbridge-backend"}
{"timestamp":"2026-01-29T18:52:32.026Z","level":"INFO","message":"Conversation created: 13e55dba-a0d8-488e-ac34-efec088bd2ee for user: 3dfd7ac0-8b57-46df-8232-9efe2750183c","pid":18136,"service":"healthbridge-backend"}
{"timestamp":"2026-01-29T18:52:32.040Z","level":"INFO","message":"Retrieved conversation: 13e55dba-a0d8-488e-ac34-efec088bd2ee with 0 messages","pid":18136,"service":"healthbridge-backend"}
{"timestamp":"2026-01-29T18:52:32.060Z","level":"INFO","message":"Auto-generated title for conversation: 13e55dba-a0d8-488e-ac34-efec088bd2ee","pid":18136,"service":"healthbridge-backend"}
{"timestamp":"2026-01-29T18:52:32.061Z","level":"INFO","message":"Message added: 546363f8-3b67-450c-83d7-d1fbe8dedcb1 to conversation: 13e55dba-a0d8-488e-ac34-efec088bd2ee","pid":18136,"service":"healthbridge-backend"}
{"timestamp":"2026-01-29T18:52:47.731Z","level":"INFO","message":"Message added: 63b0b592-ebd3-4f12-92c3-2b5fd12f7a19 to conversation: 13e55dba-a0d8-488e-ac34-efec088bd2ee","pid":18136,"service":"healthbridge-backend"}
{"timestamp":"2026-01-29T18:52:47.737Z","level":"INFO","message":"Voice assistant analysis completed for user: 3dfd7ac0-8b57-46df-8232-9efe2750183c","pid":18136,"service":"healthbridge-backend"}
{"timestamp":"2026-01-29T18:56:11.809Z","level":"INFO","message":"Conversation created: 18238281-667b-4ce6-8869-cbb5a9cb8d83 for user: 3dfd7ac0-8b57-46df-8232-9efe2750183c","pid":18136,"service":"healthbridge-backend"}
{"timestamp":"2026-01-29T18:56:11.832Z","level":"INFO","message":"Retrieved conversation: 18238281-667b-4ce6-8869-cbb5a9cb8d83 with 0 messages","pid":18136,"service":"healthbridge-backend"}
{"timestamp":"2026-01-29T18:56:11.853Z","level":"INFO","message":"Auto-generated title for conversation: 18238281-667b-4ce6-8869-cbb5a9cb8d83","pid":18136,"service":"healthbridge-backend"}
{"timestamp":"2026-01-29T18:56:11.854Z","level":"INFO","message":"Message added: e570505a-7f2a-4380-8e51-48c392e1426e to conversation: 18238281-667b-4ce6-8869-cbb5a9cb8d83","pid":18136,"service":"healthbridge-backend"}
{"timestamp":"2026-01-29T18:56:30.812Z","level":"INFO","message":"Message added: 5bb4759e-19b9-4bbb-8bdf-f5dc29967056 to conversation: 18238281-667b-4ce6-8869-cbb5a9cb8d83","pid":18136,"service":"healthbridge-backend"}
{"timestamp":"2026-01-29T18:56:30.816Z","level":"INFO","message":"Voice assistant analysis completed for user: 3dfd7ac0-8b57-46df-8232-9efe2750183c","pid":18136,"service":"healthbridge-backend"}
{"timestamp":"2026-01-29T18:58:29.403Z","level":"INFO","message":"Conversation created: 671c3517-df39-4ec8-9e8e-c4d251f14da8 for user: 3dfd7ac0-8b57-46df-8232-9efe2750183c","pid":11656,"service":"healthbridge-backend"}
{"timestamp":"2026-01-29T18:58:29.416Z","level":"INFO","message":"Retrieved conversation: 671c3517-df39-4ec8-9e8e-c4d251f14da8 with 0 messages","pid":11656,"service":"healthbridge-backend"}
{"timestamp":"2026-01-29T18:58:29.429Z","level":"INFO","message":"Auto-generated title for conversation: 671c3517-df39-4ec8-9e8e-c4d251f14da8","pid":11656,"service":"healthbridge-backend"}
{"timestamp":"2026-01-29T18:58:29.430Z","level":"INFO","message":"Message added: 6c7dcdaa-e95d-409c-8c3f-17176365f18d to conversation: 671c3517-df39-4ec8-9e8e-c4d251f14da8","pid":11656,"service":"healthbridge-backend"}
{"timestamp":"2026-01-29T18:58:36.453Z","level":"INFO","message":"Message added: bc5565e5-243c-4e01-9399-99f3b47ffc16 to conversation: 671c3517-df39-4ec8-9e8e-c4d251f14da8","pid":11656,"service":"healthbridge-backend"}
{"timestamp":"2026-01-29T18:58:36.456Z","level":"INFO","message":"Voice assistant analysis completed for user: 3dfd7ac0-8b57-46df-8232-9efe2750183c","pid":11656,"service":"healthbridge-backend"}
{"timestamp":"2026-01-29T18:59:46.936Z","level":"INFO","message":"Conversation created: 79b70578-c067-4d14-ade6-9e4d45f414db for user: 3dfd7ac0-8b57-46df-8232-9efe2750183c","pid":21372,"service":"healthbridge-backend"}
{"timestamp":"2026-01-29T18:59:46.950Z","level":"INFO","message":"Retrieved conversation: 79b70578-c067-4d14-ade6-9e4d45f414db with 0 messages","pid":21372,"service":"healthbridge-backend"}
{"timestamp":"2026-01-29T18:59:46.963Z","level":"INFO","message":"Auto-generated title for conversation: 79b70578-c067-4d14-ade6-9e4d45f414db","pid":21372,"service":"healthbridge-backend"}
{"timestamp":"2026-01-29T18:59:46.963Z","level":"INFO","message":"Message added: 7562aea2-ae33-4045-959f-d0d11a49771b to conversation: 79b70578-c067-4d14-ade6-9e4d45f414db","pid":21372,"service":"healthbridge-backend"}
{"timestamp":"2026-01-29T18:59:54.295Z","level":"INFO","message":"Message added: 3ddba14c-dd29-48ab-92ec-a0304b27a968 to conversation: 79b70578-c067-4d14-ade6-9e4d45f414db","pid":21372,"service":"healthbridge-backend"}
{"timestamp":"2026-01-29T18:59:54.297Z","level":"INFO","message":"Voice assistant analysis completed for user: 3dfd7ac0-8b57-46df-8232-9efe2750183c","pid":21372,"service":"healthbridge-backend"}
{"timestamp":"2026-01-29T19:01:16.139Z","level":"INFO","message":"Conversation created: 5c075cea-4a1e-491e-8c12-8446fb3376bd for user: 3dfd7ac0-8b57-46df-8232-9efe2750183c","pid":7776,"service":"healthbridge-backend"}
{"timestamp":"2026-01-29T19:01:16.153Z","level":"INFO","message":"Retrieved conversation: 5c075cea-4a1e-491e-8c12-8446fb3376bd with 0 messages","pid":7776,"service":"healthbridge-backend"}
{"timestamp":"2026-01-29T19:01:16.166Z","level":"INFO","message":"Auto-generated title for conversation: 5c075cea-4a1e-491e-8c12-8446fb3376bd","pid":7776,"service":"healthbridge-backend"}
{"timestamp":"2026-01-29T19:01:16.166Z","level":"INFO","message":"Message added: 0556cc01-7724-4e9e-b02b-72f20e974a42 to conversation: 5c075cea-4a1e-491e-8c12-8446fb3376bd","pid":7776,"service":"healthbridge-backend"}
{"timestamp":"2026-01-29T19:01:23.592Z","level":"INFO","message":"Message added: d40e967e-ac4d-4498-8d88-bc706d2f2c20 to conversation: 5c075cea-4a1e-491e-8c12-8446fb3376bd","pid":7776,"service":"healthbridge-backend"}
{"timestamp":"2026-01-29T19:01:23.595Z","level":"INFO","message":"Voice assistant analysis completed for user: 3dfd7ac0-8b57-46df-8232-9efe2750183c","pid":7776,"service":"healthbridge-backend"}
{"timestamp":"2026-01-29T19:06:10.302Z","level":"INFO","message":"Conversation created: 213915c3-38ce-472d-8317-68d2ce1315ee for user: 3dfd7ac0-8b57-46df-8232-9efe2750183c","pid":7776,"service":"healthbridge-backend"}
{"timestamp":"2026-01-29T19:06:10.314Z","level":"INFO","message":"Retrieved conversation: 213915c3-38ce-472d-8317-68d2ce1315ee with 0 messages","pid":7776,"service":"healthbridge-backend"}
{"timestamp":"2026-01-29T19:06:10.330Z","level":"INFO","message":"Auto-generated title for conversation: 213915c3-38ce-472d-8317-68d2ce1315ee","pid":7776,"service":"healthbridge-backend"}
{"timestamp":"2026-01-29T19:06:10.331Z","level":"INFO","message":"Message added: 7eca2d2b-79e6-4bd7-8317-3625265edf1b to conversation: 213915c3-38ce-472d-8317-68d2ce1315ee","pid":7776,"service":"healthbridge-backend"}
{"timestamp":"2026-01-29T19:06:17.327Z","level":"INFO","message":"Message added: 5b571b9c-14a9-4bec-bd2a-3e12392f057e to conversation: 213915c3-38ce-472d-8317-68d2ce1315ee","pid":7776,"service":"healthbridge-backend"}
{"timestamp":"2026-01-29T19:06:17.330Z","level":"INFO","message":"Voice assistant analysis completed for user: 3dfd7ac0-8b57-46df-8232-9efe2750183c","pid":7776,"service":"healthbridge-backend"}
{"timestamp":"2026-01-29T19:09:46.521Z","level":"INFO","message":"Conversation created: 90ce3b60-6d45-4cfa-8742-6eae3283b326 for user: 3dfd7ac0-8b57-46df-8232-9efe2750183c","pid":21724,"service":"healthbridge-backend"}
{"timestamp":"2026-01-29T19:09:46.539Z","level":"INFO","message":"Retrieved conversation: 90ce3b60-6d45-4cfa-8742-6eae3283b326 with 0 messages","pid":21724,"service":"healthbridge-backend"}
{"timestamp":"2026-01-29T19:09:46.559Z","level":"INFO","message":"Auto-generated title for conversation: 90ce3b60-6d45-4cfa-8742-6eae3283b326","pid":21724,"service":"healthbridge-backend"}
{"timestamp":"2026-01-29T19:09:46.560Z","level":"INFO","message":"Message added: 6e8af6e3-e666-4fa6-83c4-3b42af2f5ca3 to conversation: 90ce3b60-6d45-4cfa-8742-6eae3283b326","pid":21724,"service":"healthbridge-backend"}
{"timestamp":"2026-01-29T19:10:10.616Z","level":"INFO","message":"Message added: 44d78d1c-bbae-408a-86a0-099ecb08287b to conversation: 90ce3b60-6d45-4cfa-8742-6eae3283b326","pid":21724,"service":"healthbridge-backend"}
{"timestamp":"2026-01-29T19:10:10.619Z","level":"INFO","message":"Voice assistant analysis completed for user: 3dfd7ac0-8b57-46df-8232-9efe2750183c","pid":21724,"service":"healthbridge-backend"}
{"timestamp":"2026-01-29T19:15:08.557Z","level":"INFO","message":"Conversation created: 3fa38589-19d8-457b-b03c-aacd39e59584 for user: 3dfd7ac0-8b57-46df-8232-9efe2750183c","pid":17224,"service":"healthbridge-backend"}
{"timestamp":"2026-01-29T19:15:08.574Z","level":"INFO","message":"Retrieved conversation: 3fa38589-19d8-457b-b03c-aacd39e59584 with 0 messages","pid":17224,"service":"healthbridge-backend"}
{"timestamp":"2026-01-29T19:15:08.597Z","level":"INFO","message":"Auto-generated title for conversation: 3fa38589-19d8-457b-b03c-aacd39e59584","pid":17224,"service":"healthbridge-backend"}
{"timestamp":"2026-01-29T19:15:08.599Z","level":"INFO","message":"Message added: 633ccb7c-ec36-4f0f-982b-34627e3571ac to conversation: 3fa38589-19d8-457b-b03c-aacd39e59584","pid":17224,"service":"healthbridge-backend"}
{"timestamp":"2026-01-29T19:16:02.771Z","level":"INFO","message":"Message added: 7a022693-2012-4db4-9297-a5b6a1e3d3c8 to conversation: 3fa38589-19d8-457b-b03c-aacd39e59584","pid":17224,"service":"healthbridge-backend"}
{"timestamp":"2026-01-29T19:16:02.778Z","level":"INFO","message":"Voice assistant analysis completed for user: 3dfd7ac0-8b57-46df-8232-9efe2750183c","pid":17224,"service":"healthbridge-backend"}
{"timestamp":"2026-01-29T19:17:04.599Z","level":"INFO","message":"Conversation created: 64800f82-20e9-40de-b3cb-d38c96b56d88 for user: 3dfd7ac0-8b57-46df-8232-9efe2750183c","pid":17224,"service":"healthbridge-backend"}
{"timestamp":"2026-01-29T19:17:04.609Z","level":"INFO","message":"Retrieved conversation: 64800f82-20e9-40de-b3cb-d38c96b56d88 with 0 messages","pid":17224,"service":"healthbridge-backend"}
{"timestamp":"2026-01-29T19:17:04.619Z","level":"INFO","message":"Auto-generated title for conversation: 64800f82-20e9-40de-b3cb-d38c96b56d88","pid":17224,"service":"healthbridge-backend"}
{"timestamp":"2026-01-29T19:17:04.619Z","level":"INFO","message":"Message added: c051bae2-07de-4598-b03f-c64c1bbb9ef8 to conversation: 64800f82-20e9-40de-b3cb-d38c96b56d88","pid":17224,"service":"healthbridge-backend"}
{"timestamp":"2026-01-29T19:17:40.632Z","level":"INFO","message":"Message added: 87473409-b0c2-4731-8662-4aa8d66d1233 to conversation: 64800f82-20e9-40de-b3cb-d38c96b56d88","pid":17224,"service":"healthbridge-backend"}
{"timestamp":"2026-01-29T19:17:40.640Z","level":"INFO","message":"Voice assistant analysis completed for user: 3dfd7ac0-8b57-46df-8232-9efe2750183c","pid":17224,"service":"healthbridge-backend"}
{"timestamp":"2026-01-29T19:23:08.097Z","level":"INFO","message":"Conversation created: 39064958-0559-4211-99b3-8710923e7717 for user: 3dfd7ac0-8b57-46df-8232-9efe2750183c","pid":18092,"service":"healthbridge-backend"}
{"timestamp":"2026-01-29T19:23:08.119Z","level":"INFO","message":"Retrieved conversation: 39064958-0559-4211-99b3-8710923e7717 with 0 messages","pid":18092,"service":"healthbridge-backend"}
{"timestamp":"2026-01-29T19:23:08.139Z","level":"INFO","message":"Auto-generated title for conversation: 39064958-0559-4211-99b3-8710923e7717","pid":18092,"service":"healthbridge-backend"}
{"timestamp":"2026-01-29T19:23:08.140Z","level":"INFO","message":"Message added: 75c106c8-2e63-4873-907a-b027902b9967 to conversation: 39064958-0559-4211-99b3-8710923e7717","pid":18092,"service":"healthbridge-backend"}
{"timestamp":"2026-01-29T19:23:36.648Z","level":"INFO","message":"Message added: 5ce9a5a7-1a99-4bd1-8588-11fd83c95e86 to conversation: 39064958-0559-4211-99b3-8710923e7717","pid":18092,"service":"healthbridge-backend"}
{"timestamp":"2026-01-29T19:23:36.651Z","level":"INFO","message":"Voice assistant analysis completed for user: 3dfd7ac0-8b57-46df-8232-9efe2750183c","pid":18092,"service":"healthbridge-backend"}
{"timestamp":"2026-01-29T19:24:21.335Z","level":"INFO","message":"Conversation created: c807ae5d-5069-4bf4-ae75-778d4c7860aa for user: 3dfd7ac0-8b57-46df-8232-9efe2750183c","pid":18092,"service":"healthbridge-backend"}
{"timestamp":"2026-01-29T19:24:21.347Z","level":"INFO","message":"Retrieved conversation: c807ae5d-5069-4bf4-ae75-778d4c7860aa with 0 messages","pid":18092,"service":"healthbridge-backend"}
{"timestamp":"2026-01-29T19:24:21.356Z","level":"INFO","message":"Auto-generated title for conversation: c807ae5d-5069-4bf4-ae75-778d4c7860aa","pid":18092,"service":"healthbridge-backend"}
{"timestamp":"2026-01-29T19:24:21.356Z","level":"INFO","message":"Message added: bef6d7ff-2a85-42ae-afde-76787f0215ff to conversation: c807ae5d-5069-4bf4-ae75-778d4c7860aa","pid":18092,"service":"healthbridge-backend"}
{"timestamp":"2026-01-29T19:24:42.153Z","level":"INFO","message":"Message added: 84ad0e83-d512-41cd-9d2d-86d939abff49 to conversation: c807ae5d-5069-4bf4-ae75-778d4c7860aa","pid":18092,"service":"healthbridge-backend"}
{"timestamp":"2026-01-29T19:24:42.156Z","level":"INFO","message":"Voice assistant analysis completed for user: 3dfd7ac0-8b57-46df-8232-9efe2750183c","pid":18092,"service":"healthbridge-backend"}
{"timestamp":"2026-01-29T19:25:06.521Z","level":"INFO","message":"Conversation created: d1462be8-bcf6-40af-bbfb-ee6a1951abde for user: 3dfd7ac0-8b57-46df-8232-9efe2750183c","pid":18092,"service":"healthbridge-backend"}
{"timestamp":"2026-01-29T19:25:06.524Z","level":"INFO","message":"Retrieved conversation: d1462be8-bcf6-40af-bbfb-ee6a1951abde with 0 messages","pid":18092,"service":"healthbridge-backend"}
{"timestamp":"2026-01-29T19:25:06.532Z","level":"INFO","message":"Auto-generated title for conversation: d1462be8-bcf6-40af-bbfb-ee6a1951abde","pid":18092,"service":"healthbridge-backend"}
{"timestamp":"2026-01-29T19:25:06.533Z","level":"INFO","message":"Message added: b58373b8-7c88-4e6e-9587-c48d40e96189 to conversation: d1462be8-bcf6-40af-bbfb-ee6a1951abde","pid":18092,"service":"healthbridge-backend"}
{"timestamp":"2026-01-29T19:25:40.561Z","level":"INFO","message":"Message added: dec654a3-e346-4a3f-b6da-44790bfc4a2d to conversation: d1462be8-bcf6-40af-bbfb-ee6a1951abde","pid":18092,"service":"healthbridge-backend"}
{"timestamp":"2026-01-29T19:25:40.570Z","level":"INFO","message":"Voice assistant analysis completed for user: 3dfd7ac0-8b57-46df-8232-9efe2750183c","pid":18092,"service":"healthbridge-backend"}
{"timestamp":"2026-01-29T19:30:37.259Z","level":"INFO","message":"Conversation created: 795bbf5f-cc63-438a-8d76-f97be3298bc9 for user: 3dfd7ac0-8b57-46df-8232-9efe2750183c","pid":18092,"service":"healthbridge-backend"}
{"timestamp":"2026-01-29T19:30:37.282Z","level":"INFO","message":"Retrieved conversation: 795bbf5f-cc63-438a-8d76-f97be3298bc9 with 0 messages","pid":18092,"service":"healthbridge-backend"}
{"timestamp":"2026-01-29T19:30:37.306Z","level":"INFO","message":"Auto-generated title for conversation: 795bbf5f-cc63-438a-8d76-f97be3298bc9","pid":18092,"service":"healthbridge-backend"}
{"timestamp":"2026-01-29T19:30:37.306Z","level":"INFO","message":"Message added: aaf05bab-60b1-4bef-b974-042c86229853 to conversation: 795bbf5f-cc63-438a-8d76-f97be3298bc9","pid":18092,"service":"healthbridge-backend"}
{"timestamp":"2026-01-29T19:31:46.198Z","level":"INFO","message":"Message added: 69b3bacb-fb92-425c-b2ae-1994fbb06183 to conversation: 795bbf5f-cc63-438a-8d76-f97be3298bc9","pid":18092,"service":"healthbridge-backend"}
{"timestamp":"2026-01-29T19:31:46.207Z","level":"INFO","message":"Voice assistant analysis completed for user: 3dfd7ac0-8b57-46df-8232-9efe2750183c","pid":18092,"service":"healthbridge-backend"}
{"timestamp":"2026-01-30T04:01:35.216Z","level":"INFO","message":"Conversation created: 35a877d6-a362-4225-a82a-5152b820780f for user: 3dfd7ac0-8b57-46df-8232-9efe2750183c","pid":15772,"service":"healthbridge-backend"}
{"timestamp":"2026-01-30T04:01:35.239Z","level":"INFO","message":"Retrieved conversation: 35a877d6-a362-4225-a82a-5152b820780f with 0 messages","pid":15772,"service":"healthbridge-backend"}
{"timestamp":"2026-01-30T04:01:35.262Z","level":"INFO","message":"Auto-generated title for conversation: 35a877d6-a362-4225-a82a-5152b820780f","pid":15772,"service":"healthbridge-backend"}
{"timestamp":"2026-01-30T04:01:35.263Z","level":"INFO","message":"Message added: d604884e-ce40-4883-b2fb-df87443e2149 to conversation: 35a877d6-a362-4225-a82a-5152b820780f","pid":15772,"service":"healthbridge-backend"}
{"timestamp":"2026-01-30T04:02:24.060Z","level":"INFO","message":"Message added: 0dead471-8406-4795-87d2-45f4c3ea6c5f to conversation: 35a877d6-a362-4225-a82a-5152b820780f","pid":15772,"service":"healthbridge-backend"}
{"timestamp":"2026-01-30T04:02:24.072Z","level":"INFO","message":"Voice assistant analysis completed for user: 3dfd7ac0-8b57-46df-8232-9efe2750183c","pid":15772,"service":"healthbridge-backend"}
{"timestamp":"2026-01-30T04:02:53.816Z","level":"INFO","message":"Conversation created: 5dc6d80a-4af8-460e-b63d-f825761d92f2 for user: 3dfd7ac0-8b57-46df-8232-9efe2750183c","pid":15772,"service":"healthbridge-backend"}
{"timestamp":"2026-01-30T04:02:53.823Z","level":"INFO","message":"Retrieved conversation: 5dc6d80a-4af8-460e-b63d-f825761d92f2 with 0 messages","pid":15772,"service":"healthbridge-backend"}
{"timestamp":"2026-01-30T04:02:53.835Z","level":"INFO","message":"Auto-generated title for conversation: 5dc6d80a-4af8-460e-b63d-f825761d92f2","pid":15772,"service":"healthbridge-backend"}
{"timestamp":"2026-01-30T04:02:53.836Z","level":"INFO","message":"Message added: 7539d53b-d4a5-464d-9d18-c2d543e2630b to conversation: 5dc6d80a-4af8-460e-b63d-f825761d92f2","pid":15772,"service":"healthbridge-backend"}
{"timestamp":"2026-01-30T04:03:37.394Z","level":"INFO","message":"Message added: 56b2fbb5-db2b-4db6-9834-bea61951925c to conversation: 5dc6d80a-4af8-460e-b63d-f825761d92f2","pid":15772,"service":"healthbridge-backend"}
{"timestamp":"2026-01-30T04:03:37.401Z","level":"INFO","message":"Voice assistant analysis completed for user: 3dfd7ac0-8b57-46df-8232-9efe2750183c","pid":15772,"service":"healthbridge-backend"}
{"timestamp":"2026-01-30T04:56:54.008Z","level":"INFO","message":"Conversation created: 5e957523-05ba-47fd-a929-82c85c713cb9 for user: 3dfd7ac0-8b57-46df-8232-9efe2750183c","pid":27404,"service":"healthbridge-backend"}
{"timestamp":"2026-01-30T04:56:54.025Z","level":"INFO","message":"Retrieved conversation: 5e957523-05ba-47fd-a929-82c85c713cb9 with 0 messages","pid":27404,"service":"healthbridge-backend"}
{"timestamp":"2026-01-30T04:56:54.049Z","level":"INFO","message":"Auto-generated title for conversation: 5e957523-05ba-47fd-a929-82c85c713cb9","pid":27404,"service":"healthbridge-backend"}
{"timestamp":"2026-01-30T04:56:54.050Z","level":"INFO","message":"Message added: b54facab-9dd7-4135-b721-e73a145b810f to conversation: 5e957523-05ba-47fd-a929-82c85c713cb9","pid":27404,"service":"healthbridge-backend"}
{"timestamp":"2026-01-30T04:57:31.574Z","level":"INFO","message":"Message added: 2a82525a-4cbd-472d-83ce-7e4400887c7e to conversation: 5e957523-05ba-47fd-a929-82c85c713cb9","pid":27404,"service":"healthbridge-backend"}
{"timestamp":"2026-01-30T04:57:31.582Z","level":"INFO","message":"Voice assistant analysis completed for user: 3dfd7ac0-8b57-46df-8232-9efe2750183c","pid":27404,"service":"healthbridge-backend"}
{"timestamp":"2026-01-30T05:13:40.909Z","level":"INFO","message":"Conversation created: 6c64f223-37fe-4c79-84b0-8b7217682bc1 for user: 3dfd7ac0-8b57-46df-8232-9efe2750183c","pid":27404,"service":"healthbridge-backend"}
{"timestamp":"2026-01-30T05:13:40.953Z","level":"INFO","message":"Retrieved conversation: 6c64f223-37fe-4c79-84b0-8b7217682bc1 with 0 messages","pid":27404,"service":"healthbridge-backend"}
{"timestamp":"2026-01-30T05:13:41.000Z","level":"INFO","message":"Auto-generated title for conversation: 6c64f223-37fe-4c79-84b0-8b7217682bc1","pid":27404,"service":"healthbridge-backend"}
{"timestamp":"2026-01-30T05:13:41.003Z","level":"INFO","message":"Message added: 11715cc3-a78c-45b0-9afa-9616f24c1d53 to conversation: 6c64f223-37fe-4c79-84b0-8b7217682bc1","pid":27404,"service":"healthbridge-backend"}
{"timestamp":"2026-01-30T05:14:28.182Z","level":"INFO","message":"Message added: 6afba669-209d-4b92-a5f0-e335fbffe2dc to conversation: 6c64f223-37fe-4c79-84b0-8b7217682bc1","pid":27404,"service":"healthbridge-backend"}
{"timestamp":"2026-01-30T05:14:28.208Z","level":"INFO","message":"Voice assistant analysis completed for user: 3dfd7ac0-8b57-46df-8232-9efe2750183c","pid":27404,"service":"healthbridge-backend"}
{"timestamp":"2026-01-30T05:19:13.863Z","level":"INFO","message":"Conversation created: 4737313e-7f92-4995-924f-11ceb83816cb for user: 3dfd7ac0-8b57-46df-8232-9efe2750183c","pid":27404,"service":"healthbridge-backend"}
{"timestamp":"2026-01-30T05:19:13.921Z","level":"INFO","message":"Retrieved conversation: 4737313e-7f92-4995-924f-11ceb83816cb with 0 messages","pid":27404,"service":"healthbridge-backend"}
{"timestamp":"2026-01-30T05:19:13.972Z","level":"INFO","message":"Auto-generated title for conversation: 4737313e-7f92-4995-924f-11ceb83816cb","pid":27404,"service":"healthbridge-backend"}
{"timestamp":"2026-01-30T05:19:13.974Z","level":"INFO","message":"Message added: 1ef873ff-1a2f-4fb7-8982-5de1436077b3 to conversation: 4737313e-7f92-4995-924f-11ceb83816cb","pid":27404,"service":"healthbridge-backend"}
{"timestamp":"2026-01-30T05:20:10.057Z","level":"INFO","message":"Message added: f4fde5a5-802c-4ba8-9dc2-1c6ed83f2588 to conversation: 4737313e-7f92-4995-924f-11ceb83816cb","pid":27404,"service":"healthbridge-backend"}
{"timestamp":"2026-01-30T05:20:10.094Z","level":"INFO","message":"Voice assistant analysis completed for user: 3dfd7ac0-8b57-46df-8232-9efe2750183c","pid":27404,"service":"healthbridge-backend"}
{"timestamp":"2026-01-30T05:20:50.788Z","level":"INFO","message":"Conversation created: 4ff4e9c5-e996-4722-8bc6-a6b6723839f5 for user: 3dfd7ac0-8b57-46df-8232-9efe2750183c","pid":27404,"service":"healthbridge-backend"}
{"timestamp":"2026-01-30T05:20:50.845Z","level":"INFO","message":"Retrieved conversation: 4ff4e9c5-e996-4722-8bc6-a6b6723839f5 with 0 messages","pid":27404,"service":"healthbridge-backend"}
{"timestamp":"2026-01-30T05:20:50.882Z","level":"INFO","message":"Auto-generated title for conversation: 4ff4e9c5-e996-4722-8bc6-a6b6723839f5","pid":27404,"service":"healthbridge-backend"}
{"timestamp":"2026-01-30T05:20:50.884Z","level":"INFO","message":"Message added: 88d344e9-e233-4f6b-9aca-4bbfe872a2dd to conversation: 4ff4e9c5-e996-4722-8bc6-a6b6723839f5","pid":27404,"service":"healthbridge-backend"}
{"timestamp":"2026-01-30T05:23:58.886Z","level":"INFO","message":"Conversation created: d13fb6ca-1eea-4d74-9085-cd2ab640d853 for user: 3dfd7ac0-8b57-46df-8232-9efe2750183c","pid":26372,"service":"healthbridge-backend"}
{"timestamp":"2026-01-30T05:23:58.956Z","level":"INFO","message":"Retrieved conversation: d13fb6ca-1eea-4d74-9085-cd2ab640d853 with 0 messages","pid":26372,"service":"healthbridge-backend"}
{"timestamp":"2026-01-30T05:23:59.020Z","level":"INFO","message":"Auto-generated title for conversation: d13fb6ca-1eea-4d74-9085-cd2ab640d853","pid":26372,"service":"healthbridge-backend"}
{"timestamp":"2026-01-30T05:23:59.025Z","level":"INFO","message":"Message added: 5766a7e7-5bfe-4e16-bf80-22d696c94bb4 to conversation: d13fb6ca-1eea-4d74-9085-cd2ab640d853","pid":26372,"service":"healthbridge-backend"}
{"timestamp":"2026-01-30T05:24:13.953Z","level":"INFO","message":"Message added: e714dba4-0c8b-4da3-886b-30df1bb7cf29 to conversation: d13fb6ca-1eea-4d74-9085-cd2ab640d853","pid":26372,"service":"healthbridge-backend"}
{"timestamp":"2026-01-30T05:24:13.967Z","level":"INFO","message":"Voice assistant analysis completed for user: 3dfd7ac0-8b57-46df-8232-9efe2750183c","pid":26372,"service":"healthbridge-backend"}
{"timestamp":"2026-01-30T05:37:26.738Z","level":"INFO","message":"Conversation created: bc9653e6-7df2-4c09-8ad7-c59a13b1892a for user: 3dfd7ac0-8b57-46df-8232-9efe2750183c","pid":24928,"service":"healthbridge-backend"}
{"timestamp":"2026-01-30T05:37:26.809Z","level":"INFO","message":"Retrieved conversation: bc9653e6-7df2-4c09-8ad7-c59a13b1892a with 0 messages","pid":24928,"service":"healthbridge-backend"}
{"timestamp":"2026-01-30T05:37:26.888Z","level":"INFO","message":"Auto-generated title for conversation: bc9653e6-7df2-4c09-8ad7-c59a13b1892a","pid":24928,"service":"healthbridge-backend"}
{"timestamp":"2026-01-30T05:37:26.890Z","level":"INFO","message":"Message added: ae0c8fd3-e7c4-4213-b27c-7e3e09d521bc to conversation: bc9653e6-7df2-4c09-8ad7-c59a13b1892a","pid":24928,"service":"healthbridge-backend"}
{"timestamp":"2026-01-30T05:37:41.433Z","level":"INFO","message":"Message added: 51917dd6-0a9a-495e-96e5-c9fa17738f8f to conversation: bc9653e6-7df2-4c09-8ad7-c59a13b1892a","pid":24928,"service":"healthbridge-backend"}
{"timestamp":"2026-01-30T05:37:41.449Z","level":"INFO","message":"Voice assistant analysis completed for user: 3dfd7ac0-8b57-46df-8232-9efe2750183c","pid":24928,"service":"healthbridge-backend"}
{"timestamp":"2026-01-30T05:43:07.163Z","level":"INFO","message":"Conversation created: aa72a065-c81b-4e86-aec4-2a91c5334722 for user: 3dfd7ac0-8b57-46df-8232-9efe2750183c","pid":24928,"service":"healthbridge-backend"}
{"timestamp":"2026-01-30T05:43:07.201Z","level":"INFO","message":"Retrieved conversation: aa72a065-c81b-4e86-aec4-2a91c5334722 with 0 messages","pid":24928,"service":"healthbridge-backend"}
{"timestamp":"2026-01-30T05:43:07.232Z","level":"INFO","message":"Auto-generated title for conversation: aa72a065-c81b-4e86-aec4-2a91c5334722","pid":24928,"service":"healthbridge-backend"}
{"timestamp":"2026-01-30T05:43:07.234Z","level":"INFO","message":"Message added: 33ede227-8760-417f-9a9d-6cbff576fb04 to conversation: aa72a065-c81b-4e86-aec4-2a91c5334722","pid":24928,"service":"healthbridge-backend"}
{"timestamp":"2026-01-30T05:43:18.418Z","level":"INFO","message":"Message added: cc21c997-1afa-402c-9500-7968dbb42e51 to conversation: aa72a065-c81b-4e86-aec4-2a91c5334722","pid":24928,"service":"healthbridge-backend"}
{"timestamp":"2026-01-30T05:43:18.429Z","level":"INFO","message":"Voice assistant analysis completed for user: 3dfd7ac0-8b57-46df-8232-9efe2750183c","pid":24928,"service":"healthbridge-backend"}
